
==================2017-10-26 14:10:40.236==================
【2017-10-26 14:18:19.767】【tkcx】【upiccore.GCREGISTPOLICY】【GCREGISTPOLICY】【0】【0】【0】【1508998699706】【1508998699767】【61】
【2017-10-26 14:18:19.768】【tkcx】【upiccore.GCADJUSTMENTMAIN】【GCADJUSTMENTMAIN】【0】【0】【0】【1508998699705】【1508998699768】【63】
【2017-10-26 14:18:19.770】【tkcx】【upiccore.GUPOLICYCOPYCOMMISSION】【GUPOLICYCOPYCOMMISSION】【0】【0】【0】【1508998699768】【1508998699769】【1】
【2017-10-26 14:18:19.772】【tkcx】【upiccore.GUPOLICYCOPYMAIN】【GUPOLICYCOPYMAIN】【0】【0】【0】【1508998699770】【1508998699772】【2】
【2017-10-26 14:18:19.774】【tkcx】【upiccore.GUPOLICYCOPYITEMDYNAMIC】【GUPOLICYCOPYITEMDYNAMIC】【0】【0】【0】【1508998699768】【1508998699774】【6】
【2017-10-26 14:18:19.776】【tkcx】【upiccore.GCREGISTMAIN】【GCREGISTMAIN】【0】【0】【0】【1508998699705】【1508998699776】【71】
【2017-10-26 14:18:19.778】【tkcx】【upiccore.GUPOLICYCOPYRISK】【GUPOLICYCOPYRISK】【0】【0】【0】【1508998699773】【1508998699778】【5】
【2017-10-26 14:18:19.778】【tkcx】【upiccore.GUPOLICYITEMACCI】【GUPOLICYITEMACCI】【0】【0】【0】【1508998699775】【1508998699778】【3】
【2017-10-26 14:18:19.781】【tkcx】【upiccore.GUENDORENDORHEAD】【GUENDORENDORHEAD】【0】【0】【0】【1508998699708】【1508998699781】【73】
【2017-10-26 14:18:19.782】【tkcx1】【upiccore.GCCLAIMMAIN】【GCCLAIMMAIN】【0】【0】【0】【1508998699778】【1508998699782】【4】
【2017-10-26 14:18:19.783】【tkcx1】【upiccore.GUPOLICYMAIN】【GUPOLICYMAIN】【0】【0】【0】【1508998699778】【1508998699783】【5】
【2017-10-26 14:18:19.783】【tkcx1】【upiccore.GUPOLICYRELATEDPARTY】【GUPOLICYRELATEDPARTY】【0】【0】【0】【1508998699777】【1508998699783】【6】
【2017-10-26 14:18:19.792】【tkcx2】【upiccore.GUPOLICYRISK】【GUPOLICYRISK】【0】【0】【0】【1508998699782】【1508998699792】【10】
【2017-10-26 14:18:19.793】【tkcx2】【upiccore.GUPOLICYITEMMOTOR】【GUPOLICYITEMMOTOR】【0】【0】【0】【1508998699782】【1508998699793】【11】

==================2017-10-26 14:19:42.003==================
【2017-10-26 14:20:18.350】【tkorasol】【tkinsure.P_LIFEINSURE】【P_LIFEINSURE】【0】【0】【0】【1508998818306】【1508998818350】【44】
【2017-10-26 14:20:18.353】【tkorahy】【tkcoop.COOP_APPLYINSURE】【TKORAHY_COOP_APPLYINSURE】【0】【0】【0】【1508998818308】【1508998818352】【44】
【2017-10-26 14:20:18.356】【tkorasol】【tkinsure.P_INSURANT】【P_INSURANT】【0】【0】【0】【1508998818305】【1508998818356】【51】
【2017-10-26 14:20:18.363】【tkorahy】【tkcoop.COOP_CUSTOMER】【TKORAHY_COOP_CUSTOMER】【0】【0】【0】【1508998818350】【1508998818363】【13】
【2017-10-26 14:20:18.366】【tkcx】【upiccore.GCREGISTPOLICY】【GCREGISTPOLICY】【0】【0】【0】【1508998818363】【1508998818366】【3】
【2017-10-26 14:20:18.368】【tkcx】【upiccore.GUENDORENDORHEAD】【GUENDORENDORHEAD】【0】【0】【0】【1508998818366】【1508998818368】【2】
【2017-10-26 14:20:18.369】【tkcx】【upiccore.GUPOLICYCOPYCOMMISSION】【GUPOLICYCOPYCOMMISSION】【0】【0】【0】【1508998818368】【1508998818369】【1】
【2017-10-26 14:20:18.371】【tkcx】【upiccore.GUPOLICYCOPYITEMDYNAMIC】【GUPOLICYCOPYITEMDYNAMIC】【0】【0】【0】【1508998818369】【1508998818371】【2】
【2017-10-26 14:20:18.372】【tkorasol】【tkinsure.P_LIFEINSURECOMP】【P_LIFEINSURECOMP】【0】【0】【0】【1508998818308】【1508998818372】【64】
【2017-10-26 14:20:18.374】【tkcx】【upiccore.GUPOLICYCOPYMAIN】【GUPOLICYCOPYMAIN】【0】【0】【0】【1508998818372】【1508998818374】【2】
【2017-10-26 14:20:18.374】【tkcx】【upiccore.GCADJUSTMENTMAIN】【GCADJUSTMENTMAIN】【0】【0】【0】【1508998818353】【1508998818374】【21】
【2017-10-26 14:20:18.374】【tkcx】【upiccore.GCREGISTMAIN】【GCREGISTMAIN】【0】【0】【0】【1508998818357】【1508998818374】【17】
【2017-10-26 14:20:18.377】【tkcx】【upiccore.GUPOLICYITEMACCI】【GUPOLICYITEMACCI】【0】【0】【0】【1508998818374】【1508998818376】【2】
【2017-10-26 14:20:18.377】【tkcx1】【upiccore.GUPOLICYRELATEDPARTY】【GUPOLICYRELATEDPARTY】【0】【0】【0】【1508998818374】【1508998818377】【3】
【2017-10-26 14:20:18.379】【tkcx1】【upiccore.GUPOLICYCOPYITEMACCILIST】【GUPOLICYCOPYITEMACCILIST】【0】【0】【0】【1508998818377】【1508998818378】【1】
【2017-10-26 14:20:18.379】【tkcx1】【upiccore.GUPOLICYITEMACCILIST】【GUPOLICYITEMACCILIST】【0】【0】【0】【1508998818377】【1508998818379】【2】
【2017-10-26 14:20:18.380】【tkcx1】【upiccore.GUPOLICYMAIN】【GUPOLICYMAIN】【0】【0】【0】【1508998818375】【1508998818380】【5】
【2017-10-26 14:20:18.380】【tkcx】【upiccore.GUPOLICYCOPYRISK】【GUPOLICYCOPYRISK】【0】【0】【0】【1508998818372】【1508998818380】【8】
【2017-10-26 14:20:18.381】【tkcx2】【upiccore.GUPOLICYRISK】【GUPOLICYRISK】【0】【0】【0】【1508998818380】【1508998818381】【1】
【2017-10-26 14:20:18.382】【tkcx2】【upiccore.GUPOLICYITEMMOTOR】【GUPOLICYITEMMOTOR】【0】【0】【0】【1508998818380】【1508998818382】【2】
【2017-10-26 14:20:18.382】【tkcx1】【upiccore.GCCLAIMMAIN】【GCCLAIMMAIN】【0】【0】【0】【1508998818379】【1508998818382】【3】
